TN:
SF:src/dbConnection.ts
FN:5,createDbConnection
FNF:1
FNH:1
FNDA:2,createDbConnection
DA:1,2
DA:3,2
DA:5,2
DA:6,2
DA:7,2
LF:5
LH:5
BRDA:6,0,0,2
BRDA:6,0,1,2
BRF:2
BRH:2
end_of_record
TN:
SF:src/express.config.ts
FNF:0
FNH:0
DA:1,1
DA:2,1
DA:3,1
DA:5,1
DA:6,1
DA:8,1
DA:10,1
DA:11,1
DA:13,1
DA:14,1
DA:16,1
LF:11
LH:11
BRF:0
BRH:0
end_of_record
TN:
SF:src/api/routes/note.routes.ts
FN:6,(anonymous_13)
FN:8,(anonymous_14)
FN:8,(anonymous_15)
FN:26,(anonymous_17)
FN:27,(anonymous_18)
FN:28,(anonymous_19)
FNF:6
FNH:0
FNDA:0,(anonymous_13)
FNDA:0,(anonymous_14)
FNDA:0,(anonymous_15)
FNDA:0,(anonymous_17)
FNDA:0,(anonymous_18)
FNDA:0,(anonymous_19)
DA:1,1
DA:2,1
DA:3,1
DA:4,1
DA:6,1
DA:8,1
DA:9,0
DA:15,0
DA:16,0
DA:18,0
DA:19,0
DA:21,0
DA:26,1
DA:27,1
DA:28,1
DA:30,1
LF:16
LH:10
BRF:0
BRH:0
end_of_record
TN:
SF:src/api/routes/notebook.routes.ts
FN:8,(anonymous_13)
FN:12,(anonymous_14)
FN:12,(anonymous_15)
FN:19,(anonymous_17)
FN:19,(anonymous_18)
FN:33,(anonymous_20)
FN:34,(anonymous_21)
FNF:7
FNH:1
FNDA:1,(anonymous_13)
FNDA:0,(anonymous_14)
FNDA:0,(anonymous_15)
FNDA:0,(anonymous_17)
FNDA:0,(anonymous_18)
FNDA:0,(anonymous_20)
FNDA:0,(anonymous_21)
DA:1,1
DA:2,1
DA:3,1
DA:4,1
DA:5,1
DA:6,1
DA:8,1
DA:9,1
DA:12,1
DA:13,0
DA:14,0
DA:17,1
DA:19,1
DA:20,0
DA:21,0
DA:24,0
DA:25,0
DA:27,0
DA:29,0
DA:33,1
DA:34,1
DA:36,1
LF:22
LH:14
BRDA:13,0,0,0
BRF:1
BRH:0
end_of_record
TN:
SF:src/controllers/notebook.controller.ts
FN:6,(anonymous_13)
FN:6,(anonymous_14)
FNF:2
FNH:2
FNDA:2,(anonymous_13)
FNDA:2,(anonymous_14)
DA:4,2
DA:6,2
DA:7,2
DA:9,2
DA:16,2
DA:17,2
DA:19,0
DA:20,0
LF:8
LH:6
BRF:0
BRH:0
end_of_record
TN:
SF:src/entities/Note.ts
FN:5,(anonymous_2)
FN:21,(anonymous_4)
FN:28,(anonymous_5)
FN:33,(anonymous_6)
FN:33,(anonymous_7)
FNF:5
FNH:5
FNDA:4,(anonymous_2)
FNDA:2,(anonymous_4)
FNDA:2,(anonymous_5)
FNDA:2,(anonymous_6)
FNDA:2,(anonymous_7)
DA:1,2
DA:2,2
DA:5,2
DA:7,2
DA:10,2
DA:13,2
DA:16,2
DA:21,2
DA:23,2
DA:28,2
DA:31,2
DA:33,2
DA:34,2
DA:35,2
LF:14
LH:14
BRF:0
BRH:0
end_of_record
TN:
SF:src/entities/Notebook.ts
FN:5,(anonymous_2)
FN:21,(anonymous_4)
FN:28,(anonymous_5)
FN:33,(anonymous_6)
FN:33,(anonymous_7)
FNF:5
FNH:5
FNDA:6,(anonymous_2)
FNDA:2,(anonymous_4)
FNDA:2,(anonymous_5)
FNDA:2,(anonymous_6)
FNDA:2,(anonymous_7)
DA:1,2
DA:2,2
DA:5,2
DA:7,2
DA:10,2
DA:13,2
DA:16,2
DA:21,2
DA:23,2
DA:28,2
DA:31,2
DA:33,2
DA:34,2
DA:35,2
LF:14
LH:14
BRF:0
BRH:0
end_of_record
TN:
SF:src/repositories/notebook.repository.ts
FN:5,(anonymous_13)
FN:5,(anonymous_14)
FNF:2
FNH:2
FNDA:2,(anonymous_13)
FNDA:2,(anonymous_14)
DA:1,2
DA:2,2
DA:5,2
DA:6,2
DA:7,2
DA:8,2
DA:10,2
DA:18,2
LF:8
LH:8
BRF:0
BRH:0
end_of_record
TN:
SF:src/services/notebook.service.ts
FN:5,(anonymous_13)
FN:5,(anonymous_14)
FNF:2
FNH:2
FNDA:2,(anonymous_13)
FNDA:2,(anonymous_14)
DA:3,2
DA:5,2
DA:6,2
LF:3
LH:3
BRDA:6,0,0,2
BRDA:6,0,1,2
BRF:2
BRH:2
end_of_record
